<?xml version="1.0" encoding="UTF-8"?>
<testsuite xmlns:xsi="http://www.w3.org/2001/XMLSchema-instance" xsi:noNamespaceSchemaLocation="https://maven.apache.org/surefire/maven-surefire-plugin/xsd/surefire-test-report.xsd" name="edu.uwb.css533.service.resources.UserResourcesTest" time="0.711" tests="4" errors="0" skipped="0" failures="0">
  <properties>
    <property name="java.specification.version" value="18"/>
    <property name="sun.cpu.isalist" value="amd64"/>
    <property name="sun.jnu.encoding" value="Cp1252"/>
    <property name="java.class.path" value="C:\Users\yiwei\Desktop\UWB-Distributed_Computing\To-do List REST\UWB-DistributedComputing-ToDoList4MultiUser\ToDoLists\target\test-classes;C:\Users\yiwei\Desktop\UWB-Distributed_Computing\To-do List REST\UWB-DistributedComputing-ToDoList4MultiUser\ToDoLists\target\classes;C:\Users\yiwei\.m2\repository\io\dropwizard\dropwizard-core\2.1.0\dropwizard-core-2.1.0.jar;C:\Users\yiwei\.m2\repository\io\dropwizard\dropwizard-util\2.1.0\dropwizard-util-2.1.0.jar;C:\Users\yiwei\.m2\repository\com\google\guava\guava\31.1-jre\guava-31.1-jre.jar;C:\Users\yiwei\.m2\repository\com\google\guava\failureaccess\1.0.1\failureaccess-1.0.1.jar;C:\Users\yiwei\.m2\repository\com\google\guava\listenablefuture\9999.0-empty-to-avoid-conflict-with-guava\listenablefuture-9999.0-empty-to-avoid-conflict-with-guava.jar;C:\Users\yiwei\.m2\repository\com\google\errorprone\error_prone_annotations\2.10.0\error_prone_annotations-2.10.0.jar;C:\Users\yiwei\.m2\repository\com\google\j2objc\j2objc-annotations\1.3\j2objc-annotations-1.3.jar;C:\Users\yiwei\.m2\repository\io\dropwizard\dropwizard-jackson\2.1.0\dropwizard-jackson-2.1.0.jar;C:\Users\yiwei\.m2\repository\com\github\ben-manes\caffeine\caffeine\2.9.3\caffeine-2.9.3.jar;C:\Users\yiwei\.m2\repository\com\fasterxml\jackson\core\jackson-core\2.13.2\jackson-core-2.13.2.jar;C:\Users\yiwei\.m2\repository\com\fasterxml\jackson\datatype\jackson-datatype-guava\2.13.2\jackson-datatype-guava-2.13.2.jar;C:\Users\yiwei\.m2\repository\com\fasterxml\jackson\datatype\jackson-datatype-jsr310\2.13.2\jackson-datatype-jsr310-2.13.2.jar;C:\Users\yiwei\.m2\repository\com\fasterxml\jackson\datatype\jackson-datatype-jdk8\2.13.2\jackson-datatype-jdk8-2.13.2.jar;C:\Users\yiwei\.m2\repository\com\fasterxml\jackson\module\jackson-module-parameter-names\2.13.2\jackson-module-parameter-names-2.13.2.jar;C:\Users\yiwei\.m2\repository\com\fasterxml\jackson\module\jackson-module-blackbird\2.13.2\jackson-module-blackbird-2.13.2.jar;C:\Users\yiwei\.m2\repository\com\fasterxml\jackson\datatype\jackson-datatype-joda\2.13.2\jackson-datatype-joda-2.13.2.jar;C:\Users\yiwei\.m2\repository\io\dropwizard\dropwizard-validation\2.1.0\dropwizard-validation-2.1.0.jar;C:\Users\yiwei\.m2\repository\org\glassfish\jakarta.el\3.0.4\jakarta.el-3.0.4.jar;C:\Users\yiwei\.m2\repository\io\dropwizard\dropwizard-configuration\2.1.0\dropwizard-configuration-2.1.0.jar;C:\Users\yiwei\.m2\repository\com\fasterxml\jackson\dataformat\jackson-dataformat-yaml\2.13.2\jackson-dataformat-yaml-2.13.2.jar;C:\Users\yiwei\.m2\repository\org\yaml\snakeyaml\1.30\snakeyaml-1.30.jar;C:\Users\yiwei\.m2\repository\org\apache\commons\commons-text\1.9\commons-text-1.9.jar;C:\Users\yiwei\.m2\repository\org\apache\commons\commons-lang3\3.11\commons-lang3-3.11.jar;C:\Users\yiwei\.m2\repository\io\dropwizard\dropwizard-logging\2.1.0\dropwizard-logging-2.1.0.jar;C:\Users\yiwei\.m2\repository\io\dropwizard\metrics\metrics-logback\4.2.9\metrics-logback-4.2.9.jar;C:\Users\yiwei\.m2\repository\org\slf4j\jul-to-slf4j\1.7.36\jul-to-slf4j-1.7.36.jar;C:\Users\yiwei\.m2\repository\ch\qos\logback\logback-core\1.2.11\logback-core-1.2.11.jar;C:\Users\yiwei\.m2\repository\io\dropwizard\logback\logback-throttling-appender\1.1.9\logback-throttling-appender-1.1.9.jar;C:\Users\yiwei\.m2\repository\org\slf4j\log4j-over-slf4j\1.7.36\log4j-over-slf4j-1.7.36.jar;C:\Users\yiwei\.m2\repository\org\slf4j\jcl-over-slf4j\1.7.36\jcl-over-slf4j-1.7.36.jar;C:\Users\yiwei\.m2\repository\io\dropwizard\dropwizard-metrics\2.1.0\dropwizard-metrics-2.1.0.jar;C:\Users\yiwei\.m2\repository\io\dropwizard\dropwizard-jersey\2.1.0\dropwizard-jersey-2.1.0.jar;C:\Users\yiwei\.m2\repository\org\glassfish\jersey\core\jersey-server\2.35\jersey-server-2.35.jar;C:\Users\yiwei\.m2\repository\org\glassfish\jersey\ext\jersey-metainf-services\2.35\jersey-metainf-services-2.35.jar;C:\Users\yiwei\.m2\repository\org\glassfish\jersey\inject\jersey-hk2\2.35\jersey-hk2-2.35.jar;C:\Users\yiwei\.m2\repository\org\glassfish\hk2\hk2-locator\2.6.1\hk2-locator-2.6.1.jar;C:\Users\yiwei\.m2\repository\org\javassist\javassist\3.28.0-GA\javassist-3.28.0-GA.jar;C:\Users\yiwei\.m2\repository\io\dropwizard\metrics\metrics-jersey2\4.2.9\metrics-jersey2-4.2.9.jar;C:\Users\yiwei\.m2\repository\com\fasterxml\jackson\jaxrs\jackson-jaxrs-json-provider\2.13.2\jackson-jaxrs-json-provider-2.13.2.jar;C:\Users\yiwei\.m2\repository\com\fasterxml\jackson\jaxrs\jackson-jaxrs-base\2.13.2\jackson-jaxrs-base-2.13.2.jar;C:\Users\yiwei\.m2\repository\com\fasterxml\jackson\module\jackson-module-jaxb-annotations\2.13.2\jackson-module-jaxb-annotations-2.13.2.jar;C:\Users\yiwei\.m2\repository\jakarta\xml\bind\jakarta.xml.bind-api\2.3.3\jakarta.xml.bind-api-2.3.3.jar;C:\Users\yiwei\.m2\repository\jakarta\activation\jakarta.activation-api\1.2.2\jakarta.activation-api-1.2.2.jar;C:\Users\yiwei\.m2\repository\jakarta\annotation\jakarta.annotation-api\1.3.5\jakarta.annotation-api-1.3.5.jar;C:\Users\yiwei\.m2\repository\joda-time\joda-time\2.10.14\joda-time-2.10.14.jar;C:\Users\yiwei\.m2\repository\org\glassfish\hk2\hk2-api\2.6.1\hk2-api-2.6.1.jar;C:\Users\yiwei\.m2\repository\org\glassfish\hk2\hk2-utils\2.6.1\hk2-utils-2.6.1.jar;C:\Users\yiwei\.m2\repository\org\glassfish\hk2\external\aopalliance-repackaged\2.6.1\aopalliance-repackaged-2.6.1.jar;C:\Users\yiwei\.m2\repository\org\glassfish\jersey\containers\jersey-container-servlet\2.35\jersey-container-servlet-2.35.jar;C:\Users\yiwei\.m2\repository\org\glassfish\jersey\containers\jersey-container-servlet-core\2.35\jersey-container-servlet-core-2.35.jar;C:\Users\yiwei\.m2\repository\org\glassfish\jersey\core\jersey-client\2.35\jersey-client-2.35.jar;C:\Users\yiwei\.m2\repository\org\eclipse\jetty\jetty-io\9.4.46.v20220331\jetty-io-9.4.46.v20220331.jar;C:\Users\yiwei\.m2\repository\io\dropwizard\dropwizard-servlets\2.1.0\dropwizard-servlets-2.1.0.jar;C:\Users\yiwei\.m2\repository\io\dropwizard\metrics\metrics-annotation\4.2.9\metrics-annotation-4.2.9.jar;C:\Users\yiwei\.m2\repository\io\dropwizard\dropwizard-jetty\2.1.0\dropwizard-jetty-2.1.0.jar;C:\Users\yiwei\.m2\repository\org\eclipse\jetty\jetty-servlets\9.4.46.v20220331\jetty-servlets-9.4.46.v20220331.jar;C:\Users\yiwei\.m2\repository\org\eclipse\jetty\jetty-continuation\9.4.46.v20220331\jetty-continuation-9.4.46.v20220331.jar;C:\Users\yiwei\.m2\repository\org\eclipse\jetty\jetty-http\9.4.46.v20220331\jetty-http-9.4.46.v20220331.jar;C:\Users\yiwei\.m2\repository\io\dropwizard\dropwizard-lifecycle\2.1.0\dropwizard-lifecycle-2.1.0.jar;C:\Users\yiwei\.m2\repository\io\dropwizard\dropwizard-health\2.1.0\dropwizard-health-2.1.0.jar;C:\Users\yiwei\.m2\repository\io\dropwizard\metrics\metrics-core\4.2.9\metrics-core-4.2.9.jar;C:\Users\yiwei\.m2\repository\io\dropwizard\metrics\metrics-jetty9\4.2.9\metrics-jetty9-4.2.9.jar;C:\Users\yiwei\.m2\repository\io\dropwizard\metrics\metrics-jvm\4.2.9\metrics-jvm-4.2.9.jar;C:\Users\yiwei\.m2\repository\io\dropwizard\metrics\metrics-jmx\4.2.9\metrics-jmx-4.2.9.jar;C:\Users\yiwei\.m2\repository\io\dropwizard\metrics\metrics-servlets\4.2.9\metrics-servlets-4.2.9.jar;C:\Users\yiwei\.m2\repository\io\dropwizard\metrics\metrics-json\4.2.9\metrics-json-4.2.9.jar;C:\Users\yiwei\.m2\repository\com\helger\profiler\1.1.1\profiler-1.1.1.jar;C:\Users\yiwei\.m2\repository\io\dropwizard\metrics\metrics-healthchecks\4.2.9\metrics-healthchecks-4.2.9.jar;C:\Users\yiwei\.m2\repository\io\dropwizard\dropwizard-request-logging\2.1.0\dropwizard-request-logging-2.1.0.jar;C:\Users\yiwei\.m2\repository\ch\qos\logback\logback-access\1.2.11\logback-access-1.2.11.jar;C:\Users\yiwei\.m2\repository\ch\qos\logback\logback-classic\1.2.11\logback-classic-1.2.11.jar;C:\Users\yiwei\.m2\repository\com\fasterxml\jackson\core\jackson-databind\2.13.2.2\jackson-databind-2.13.2.2.jar;C:\Users\yiwei\.m2\repository\com\google\code\findbugs\jsr305\3.0.2\jsr305-3.0.2.jar;C:\Users\yiwei\.m2\repository\jakarta\servlet\jakarta.servlet-api\4.0.4\jakarta.servlet-api-4.0.4.jar;C:\Users\yiwei\.m2\repository\jakarta\ws\rs\jakarta.ws.rs-api\2.1.6\jakarta.ws.rs-api-2.1.6.jar;C:\Users\yiwei\.m2\repository\net\sourceforge\argparse4j\argparse4j\0.9.0\argparse4j-0.9.0.jar;C:\Users\yiwei\.m2\repository\org\eclipse\jetty\jetty-security\9.4.46.v20220331\jetty-security-9.4.46.v20220331.jar;C:\Users\yiwei\.m2\repository\org\eclipse\jetty\jetty-server\9.4.46.v20220331\jetty-server-9.4.46.v20220331.jar;C:\Users\yiwei\.m2\repository\org\eclipse\jetty\jetty-servlet\9.4.46.v20220331\jetty-servlet-9.4.46.v20220331.jar;C:\Users\yiwei\.m2\repository\org\eclipse\jetty\jetty-util-ajax\9.4.46.v20220331\jetty-util-ajax-9.4.46.v20220331.jar;C:\Users\yiwei\.m2\repository\org\eclipse\jetty\jetty-util\9.4.46.v20220331\jetty-util-9.4.46.v20220331.jar;C:\Users\yiwei\.m2\repository\org\eclipse\jetty\toolchain\setuid\jetty-setuid-java\1.0.4\jetty-setuid-java-1.0.4.jar;C:\Users\yiwei\.m2\repository\jakarta\inject\jakarta.inject-api\1.0.5\jakarta.inject-api-1.0.5.jar;C:\Users\yiwei\.m2\repository\org\glassfish\jersey\core\jersey-common\2.35\jersey-common-2.35.jar;C:\Users\yiwei\.m2\repository\org\glassfish\hk2\external\jakarta.inject\2.6.1\jakarta.inject-2.6.1.jar;C:\Users\yiwei\.m2\repository\org\glassfish\hk2\osgi-resource-locator\1.0.3\osgi-resource-locator-1.0.3.jar;C:\Users\yiwei\.m2\repository\org\glassfish\jersey\ext\jersey-bean-validation\2.35\jersey-bean-validation-2.35.jar;C:\Users\yiwei\.m2\repository\org\slf4j\slf4j-api\1.7.36\slf4j-api-1.7.36.jar;C:\Users\yiwei\.m2\repository\com\fasterxml\jackson\core\jackson-annotations\2.13.2\jackson-annotations-2.13.2.jar;C:\Users\yiwei\.m2\repository\jakarta\validation\jakarta.validation-api\2.0.2\jakarta.validation-api-2.0.2.jar;C:\Users\yiwei\.m2\repository\org\hibernate\validator\hibernate-validator\6.2.3.Final\hibernate-validator-6.2.3.Final.jar;C:\Users\yiwei\.m2\repository\org\jboss\logging\jboss-logging\3.4.1.Final\jboss-logging-3.4.1.Final.jar;C:\Users\yiwei\.m2\repository\com\fasterxml\classmate\1.5.1\classmate-1.5.1.jar;C:\Users\yiwei\.m2\repository\org\postgresql\postgresql\42.3.4\postgresql-42.3.4.jar;C:\Users\yiwei\.m2\repository\org\checkerframework\checker-qual\3.21.4\checker-qual-3.21.4.jar;C:\Users\yiwei\.m2\repository\org\json\json\20220320\json-20220320.jar;C:\Users\yiwei\.m2\repository\junit\junit\4.13.2\junit-4.13.2.jar;C:\Users\yiwei\.m2\repository\org\hamcrest\hamcrest-core\1.3\hamcrest-core-1.3.jar;C:\Users\yiwei\.m2\repository\org\junit\jupiter\junit-jupiter\5.8.2\junit-jupiter-5.8.2.jar;C:\Users\yiwei\.m2\repository\org\junit\jupiter\junit-jupiter-api\5.8.2\junit-jupiter-api-5.8.2.jar;C:\Users\yiwei\.m2\repository\org\opentest4j\opentest4j\1.2.0\opentest4j-1.2.0.jar;C:\Users\yiwei\.m2\repository\org\junit\platform\junit-platform-commons\1.8.2\junit-platform-commons-1.8.2.jar;C:\Users\yiwei\.m2\repository\org\apiguardian\apiguardian-api\1.1.2\apiguardian-api-1.1.2.jar;C:\Users\yiwei\.m2\repository\org\junit\jupiter\junit-jupiter-params\5.8.2\junit-jupiter-params-5.8.2.jar;C:\Users\yiwei\.m2\repository\org\junit\jupiter\junit-jupiter-engine\5.8.2\junit-jupiter-engine-5.8.2.jar;C:\Users\yiwei\.m2\repository\org\junit\platform\junit-platform-engine\1.8.2\junit-platform-engine-1.8.2.jar;"/>
    <property name="java.vm.vendor" value="Oracle Corporation"/>
    <property name="sun.arch.data.model" value="64"/>
    <property name="user.variant" value=""/>
    <property name="java.vendor.url" value="https://java.oracle.com/"/>
    <property name="user.timezone" value="America/Los_Angeles"/>
    <property name="os.name" value="Windows 10"/>
    <property name="java.vm.specification.version" value="18"/>
    <property name="sun.java.launcher" value="SUN_STANDARD"/>
    <property name="user.country" value="US"/>
    <property name="sun.boot.library.path" value="C:\Program Files\Java\jdk-18\bin"/>
    <property name="sun.java.command" value="C:\Users\yiwei\AppData\Local\Temp\surefire10378265045865376390\surefirebooter12433509508294325692.jar C:\Users\yiwei\AppData\Local\Temp\surefire10378265045865376390 2022-05-23T16-34-51_564-jvmRun1 surefire13433278161480767251tmp surefire_017359506610848436753tmp"/>
    <property name="jdk.debug" value="release"/>
    <property name="surefire.test.class.path" value="C:\Users\yiwei\Desktop\UWB-Distributed_Computing\To-do List REST\UWB-DistributedComputing-ToDoList4MultiUser\ToDoLists\target\test-classes;C:\Users\yiwei\Desktop\UWB-Distributed_Computing\To-do List REST\UWB-DistributedComputing-ToDoList4MultiUser\ToDoLists\target\classes;C:\Users\yiwei\.m2\repository\io\dropwizard\dropwizard-core\2.1.0\dropwizard-core-2.1.0.jar;C:\Users\yiwei\.m2\repository\io\dropwizard\dropwizard-util\2.1.0\dropwizard-util-2.1.0.jar;C:\Users\yiwei\.m2\repository\com\google\guava\guava\31.1-jre\guava-31.1-jre.jar;C:\Users\yiwei\.m2\repository\com\google\guava\failureaccess\1.0.1\failureaccess-1.0.1.jar;C:\Users\yiwei\.m2\repository\com\google\guava\listenablefuture\9999.0-empty-to-avoid-conflict-with-guava\listenablefuture-9999.0-empty-to-avoid-conflict-with-guava.jar;C:\Users\yiwei\.m2\repository\com\google\errorprone\error_prone_annotations\2.10.0\error_prone_annotations-2.10.0.jar;C:\Users\yiwei\.m2\repository\com\google\j2objc\j2objc-annotations\1.3\j2objc-annotations-1.3.jar;C:\Users\yiwei\.m2\repository\io\dropwizard\dropwizard-jackson\2.1.0\dropwizard-jackson-2.1.0.jar;C:\Users\yiwei\.m2\repository\com\github\ben-manes\caffeine\caffeine\2.9.3\caffeine-2.9.3.jar;C:\Users\yiwei\.m2\repository\com\fasterxml\jackson\core\jackson-core\2.13.2\jackson-core-2.13.2.jar;C:\Users\yiwei\.m2\repository\com\fasterxml\jackson\datatype\jackson-datatype-guava\2.13.2\jackson-datatype-guava-2.13.2.jar;C:\Users\yiwei\.m2\repository\com\fasterxml\jackson\datatype\jackson-datatype-jsr310\2.13.2\jackson-datatype-jsr310-2.13.2.jar;C:\Users\yiwei\.m2\repository\com\fasterxml\jackson\datatype\jackson-datatype-jdk8\2.13.2\jackson-datatype-jdk8-2.13.2.jar;C:\Users\yiwei\.m2\repository\com\fasterxml\jackson\module\jackson-module-parameter-names\2.13.2\jackson-module-parameter-names-2.13.2.jar;C:\Users\yiwei\.m2\repository\com\fasterxml\jackson\module\jackson-module-blackbird\2.13.2\jackson-module-blackbird-2.13.2.jar;C:\Users\yiwei\.m2\repository\com\fasterxml\jackson\datatype\jackson-datatype-joda\2.13.2\jackson-datatype-joda-2.13.2.jar;C:\Users\yiwei\.m2\repository\io\dropwizard\dropwizard-validation\2.1.0\dropwizard-validation-2.1.0.jar;C:\Users\yiwei\.m2\repository\org\glassfish\jakarta.el\3.0.4\jakarta.el-3.0.4.jar;C:\Users\yiwei\.m2\repository\io\dropwizard\dropwizard-configuration\2.1.0\dropwizard-configuration-2.1.0.jar;C:\Users\yiwei\.m2\repository\com\fasterxml\jackson\dataformat\jackson-dataformat-yaml\2.13.2\jackson-dataformat-yaml-2.13.2.jar;C:\Users\yiwei\.m2\repository\org\yaml\snakeyaml\1.30\snakeyaml-1.30.jar;C:\Users\yiwei\.m2\repository\org\apache\commons\commons-text\1.9\commons-text-1.9.jar;C:\Users\yiwei\.m2\repository\org\apache\commons\commons-lang3\3.11\commons-lang3-3.11.jar;C:\Users\yiwei\.m2\repository\io\dropwizard\dropwizard-logging\2.1.0\dropwizard-logging-2.1.0.jar;C:\Users\yiwei\.m2\repository\io\dropwizard\metrics\metrics-logback\4.2.9\metrics-logback-4.2.9.jar;C:\Users\yiwei\.m2\repository\org\slf4j\jul-to-slf4j\1.7.36\jul-to-slf4j-1.7.36.jar;C:\Users\yiwei\.m2\repository\ch\qos\logback\logback-core\1.2.11\logback-core-1.2.11.jar;C:\Users\yiwei\.m2\repository\io\dropwizard\logback\logback-throttling-appender\1.1.9\logback-throttling-appender-1.1.9.jar;C:\Users\yiwei\.m2\repository\org\slf4j\log4j-over-slf4j\1.7.36\log4j-over-slf4j-1.7.36.jar;C:\Users\yiwei\.m2\repository\org\slf4j\jcl-over-slf4j\1.7.36\jcl-over-slf4j-1.7.36.jar;C:\Users\yiwei\.m2\repository\io\dropwizard\dropwizard-metrics\2.1.0\dropwizard-metrics-2.1.0.jar;C:\Users\yiwei\.m2\repository\io\dropwizard\dropwizard-jersey\2.1.0\dropwizard-jersey-2.1.0.jar;C:\Users\yiwei\.m2\repository\org\glassfish\jersey\core\jersey-server\2.35\jersey-server-2.35.jar;C:\Users\yiwei\.m2\repository\org\glassfish\jersey\ext\jersey-metainf-services\2.35\jersey-metainf-services-2.35.jar;C:\Users\yiwei\.m2\repository\org\glassfish\jersey\inject\jersey-hk2\2.35\jersey-hk2-2.35.jar;C:\Users\yiwei\.m2\repository\org\glassfish\hk2\hk2-locator\2.6.1\hk2-locator-2.6.1.jar;C:\Users\yiwei\.m2\repository\org\javassist\javassist\3.28.0-GA\javassist-3.28.0-GA.jar;C:\Users\yiwei\.m2\repository\io\dropwizard\metrics\metrics-jersey2\4.2.9\metrics-jersey2-4.2.9.jar;C:\Users\yiwei\.m2\repository\com\fasterxml\jackson\jaxrs\jackson-jaxrs-json-provider\2.13.2\jackson-jaxrs-json-provider-2.13.2.jar;C:\Users\yiwei\.m2\repository\com\fasterxml\jackson\jaxrs\jackson-jaxrs-base\2.13.2\jackson-jaxrs-base-2.13.2.jar;C:\Users\yiwei\.m2\repository\com\fasterxml\jackson\module\jackson-module-jaxb-annotations\2.13.2\jackson-module-jaxb-annotations-2.13.2.jar;C:\Users\yiwei\.m2\repository\jakarta\xml\bind\jakarta.xml.bind-api\2.3.3\jakarta.xml.bind-api-2.3.3.jar;C:\Users\yiwei\.m2\repository\jakarta\activation\jakarta.activation-api\1.2.2\jakarta.activation-api-1.2.2.jar;C:\Users\yiwei\.m2\repository\jakarta\annotation\jakarta.annotation-api\1.3.5\jakarta.annotation-api-1.3.5.jar;C:\Users\yiwei\.m2\repository\joda-time\joda-time\2.10.14\joda-time-2.10.14.jar;C:\Users\yiwei\.m2\repository\org\glassfish\hk2\hk2-api\2.6.1\hk2-api-2.6.1.jar;C:\Users\yiwei\.m2\repository\org\glassfish\hk2\hk2-utils\2.6.1\hk2-utils-2.6.1.jar;C:\Users\yiwei\.m2\repository\org\glassfish\hk2\external\aopalliance-repackaged\2.6.1\aopalliance-repackaged-2.6.1.jar;C:\Users\yiwei\.m2\repository\org\glassfish\jersey\containers\jersey-container-servlet\2.35\jersey-container-servlet-2.35.jar;C:\Users\yiwei\.m2\repository\org\glassfish\jersey\containers\jersey-container-servlet-core\2.35\jersey-container-servlet-core-2.35.jar;C:\Users\yiwei\.m2\repository\org\glassfish\jersey\core\jersey-client\2.35\jersey-client-2.35.jar;C:\Users\yiwei\.m2\repository\org\eclipse\jetty\jetty-io\9.4.46.v20220331\jetty-io-9.4.46.v20220331.jar;C:\Users\yiwei\.m2\repository\io\dropwizard\dropwizard-servlets\2.1.0\dropwizard-servlets-2.1.0.jar;C:\Users\yiwei\.m2\repository\io\dropwizard\metrics\metrics-annotation\4.2.9\metrics-annotation-4.2.9.jar;C:\Users\yiwei\.m2\repository\io\dropwizard\dropwizard-jetty\2.1.0\dropwizard-jetty-2.1.0.jar;C:\Users\yiwei\.m2\repository\org\eclipse\jetty\jetty-servlets\9.4.46.v20220331\jetty-servlets-9.4.46.v20220331.jar;C:\Users\yiwei\.m2\repository\org\eclipse\jetty\jetty-continuation\9.4.46.v20220331\jetty-continuation-9.4.46.v20220331.jar;C:\Users\yiwei\.m2\repository\org\eclipse\jetty\jetty-http\9.4.46.v20220331\jetty-http-9.4.46.v20220331.jar;C:\Users\yiwei\.m2\repository\io\dropwizard\dropwizard-lifecycle\2.1.0\dropwizard-lifecycle-2.1.0.jar;C:\Users\yiwei\.m2\repository\io\dropwizard\dropwizard-health\2.1.0\dropwizard-health-2.1.0.jar;C:\Users\yiwei\.m2\repository\io\dropwizard\metrics\metrics-core\4.2.9\metrics-core-4.2.9.jar;C:\Users\yiwei\.m2\repository\io\dropwizard\metrics\metrics-jetty9\4.2.9\metrics-jetty9-4.2.9.jar;C:\Users\yiwei\.m2\repository\io\dropwizard\metrics\metrics-jvm\4.2.9\metrics-jvm-4.2.9.jar;C:\Users\yiwei\.m2\repository\io\dropwizard\metrics\metrics-jmx\4.2.9\metrics-jmx-4.2.9.jar;C:\Users\yiwei\.m2\repository\io\dropwizard\metrics\metrics-servlets\4.2.9\metrics-servlets-4.2.9.jar;C:\Users\yiwei\.m2\repository\io\dropwizard\metrics\metrics-json\4.2.9\metrics-json-4.2.9.jar;C:\Users\yiwei\.m2\repository\com\helger\profiler\1.1.1\profiler-1.1.1.jar;C:\Users\yiwei\.m2\repository\io\dropwizard\metrics\metrics-healthchecks\4.2.9\metrics-healthchecks-4.2.9.jar;C:\Users\yiwei\.m2\repository\io\dropwizard\dropwizard-request-logging\2.1.0\dropwizard-request-logging-2.1.0.jar;C:\Users\yiwei\.m2\repository\ch\qos\logback\logback-access\1.2.11\logback-access-1.2.11.jar;C:\Users\yiwei\.m2\repository\ch\qos\logback\logback-classic\1.2.11\logback-classic-1.2.11.jar;C:\Users\yiwei\.m2\repository\com\fasterxml\jackson\core\jackson-databind\2.13.2.2\jackson-databind-2.13.2.2.jar;C:\Users\yiwei\.m2\repository\com\google\code\findbugs\jsr305\3.0.2\jsr305-3.0.2.jar;C:\Users\yiwei\.m2\repository\jakarta\servlet\jakarta.servlet-api\4.0.4\jakarta.servlet-api-4.0.4.jar;C:\Users\yiwei\.m2\repository\jakarta\ws\rs\jakarta.ws.rs-api\2.1.6\jakarta.ws.rs-api-2.1.6.jar;C:\Users\yiwei\.m2\repository\net\sourceforge\argparse4j\argparse4j\0.9.0\argparse4j-0.9.0.jar;C:\Users\yiwei\.m2\repository\org\eclipse\jetty\jetty-security\9.4.46.v20220331\jetty-security-9.4.46.v20220331.jar;C:\Users\yiwei\.m2\repository\org\eclipse\jetty\jetty-server\9.4.46.v20220331\jetty-server-9.4.46.v20220331.jar;C:\Users\yiwei\.m2\repository\org\eclipse\jetty\jetty-servlet\9.4.46.v20220331\jetty-servlet-9.4.46.v20220331.jar;C:\Users\yiwei\.m2\repository\org\eclipse\jetty\jetty-util-ajax\9.4.46.v20220331\jetty-util-ajax-9.4.46.v20220331.jar;C:\Users\yiwei\.m2\repository\org\eclipse\jetty\jetty-util\9.4.46.v20220331\jetty-util-9.4.46.v20220331.jar;C:\Users\yiwei\.m2\repository\org\eclipse\jetty\toolchain\setuid\jetty-setuid-java\1.0.4\jetty-setuid-java-1.0.4.jar;C:\Users\yiwei\.m2\repository\jakarta\inject\jakarta.inject-api\1.0.5\jakarta.inject-api-1.0.5.jar;C:\Users\yiwei\.m2\repository\org\glassfish\jersey\core\jersey-common\2.35\jersey-common-2.35.jar;C:\Users\yiwei\.m2\repository\org\glassfish\hk2\external\jakarta.inject\2.6.1\jakarta.inject-2.6.1.jar;C:\Users\yiwei\.m2\repository\org\glassfish\hk2\osgi-resource-locator\1.0.3\osgi-resource-locator-1.0.3.jar;C:\Users\yiwei\.m2\repository\org\glassfish\jersey\ext\jersey-bean-validation\2.35\jersey-bean-validation-2.35.jar;C:\Users\yiwei\.m2\repository\org\slf4j\slf4j-api\1.7.36\slf4j-api-1.7.36.jar;C:\Users\yiwei\.m2\repository\com\fasterxml\jackson\core\jackson-annotations\2.13.2\jackson-annotations-2.13.2.jar;C:\Users\yiwei\.m2\repository\jakarta\validation\jakarta.validation-api\2.0.2\jakarta.validation-api-2.0.2.jar;C:\Users\yiwei\.m2\repository\org\hibernate\validator\hibernate-validator\6.2.3.Final\hibernate-validator-6.2.3.Final.jar;C:\Users\yiwei\.m2\repository\org\jboss\logging\jboss-logging\3.4.1.Final\jboss-logging-3.4.1.Final.jar;C:\Users\yiwei\.m2\repository\com\fasterxml\classmate\1.5.1\classmate-1.5.1.jar;C:\Users\yiwei\.m2\repository\org\postgresql\postgresql\42.3.4\postgresql-42.3.4.jar;C:\Users\yiwei\.m2\repository\org\checkerframework\checker-qual\3.21.4\checker-qual-3.21.4.jar;C:\Users\yiwei\.m2\repository\org\json\json\20220320\json-20220320.jar;C:\Users\yiwei\.m2\repository\junit\junit\4.13.2\junit-4.13.2.jar;C:\Users\yiwei\.m2\repository\org\hamcrest\hamcrest-core\1.3\hamcrest-core-1.3.jar;C:\Users\yiwei\.m2\repository\org\junit\jupiter\junit-jupiter\5.8.2\junit-jupiter-5.8.2.jar;C:\Users\yiwei\.m2\repository\org\junit\jupiter\junit-jupiter-api\5.8.2\junit-jupiter-api-5.8.2.jar;C:\Users\yiwei\.m2\repository\org\opentest4j\opentest4j\1.2.0\opentest4j-1.2.0.jar;C:\Users\yiwei\.m2\repository\org\junit\platform\junit-platform-commons\1.8.2\junit-platform-commons-1.8.2.jar;C:\Users\yiwei\.m2\repository\org\apiguardian\apiguardian-api\1.1.2\apiguardian-api-1.1.2.jar;C:\Users\yiwei\.m2\repository\org\junit\jupiter\junit-jupiter-params\5.8.2\junit-jupiter-params-5.8.2.jar;C:\Users\yiwei\.m2\repository\org\junit\jupiter\junit-jupiter-engine\5.8.2\junit-jupiter-engine-5.8.2.jar;C:\Users\yiwei\.m2\repository\org\junit\platform\junit-platform-engine\1.8.2\junit-platform-engine-1.8.2.jar;"/>
    <property name="sun.cpu.endian" value="little"/>
    <property name="user.home" value="C:\Users\yiwei"/>
    <property name="user.language" value="en"/>
    <property name="java.specification.vendor" value="Oracle Corporation"/>
    <property name="java.version.date" value="2022-03-22"/>
    <property name="java.home" value="C:\Program Files\Java\jdk-18"/>
    <property name="file.separator" value="\"/>
    <property name="basedir" value="C:\Users\yiwei\Desktop\UWB-Distributed_Computing\To-do List REST\UWB-DistributedComputing-ToDoList4MultiUser\ToDoLists"/>
    <property name="java.vm.compressedOopsMode" value="Zero based"/>
    <property name="line.separator" value="&#10;"/>
    <property name="java.vm.specification.vendor" value="Oracle Corporation"/>
    <property name="java.specification.name" value="Java Platform API Specification"/>
    <property name="surefire.real.class.path" value="C:\Users\yiwei\AppData\Local\Temp\surefire10378265045865376390\surefirebooter12433509508294325692.jar"/>
    <property name="user.script" value=""/>
    <property name="sun.management.compiler" value="HotSpot 64-Bit Tiered Compilers"/>
    <property name="java.runtime.version" value="18+36-2087"/>
    <property name="user.name" value="yiwei"/>
    <property name="path.separator" value=";"/>
    <property name="os.version" value="10.0"/>
    <property name="java.runtime.name" value="Java(TM) SE Runtime Environment"/>
    <property name="file.encoding" value="UTF-8"/>
    <property name="java.vm.name" value="Java HotSpot(TM) 64-Bit Server VM"/>
    <property name="localRepository" value="C:\Users\yiwei\.m2\repository"/>
    <property name="java.vendor.url.bug" value="https://bugreport.java.com/bugreport/"/>
    <property name="java.io.tmpdir" value="C:\Users\yiwei\AppData\Local\Temp\"/>
    <property name="idea.version" value="2021.3.3"/>
    <property name="java.version" value="18"/>
    <property name="user.dir" value="C:\Users\yiwei\Desktop\UWB-Distributed_Computing\To-do List REST\UWB-DistributedComputing-ToDoList4MultiUser\ToDoLists"/>
    <property name="os.arch" value="amd64"/>
    <property name="java.vm.specification.name" value="Java Virtual Machine Specification"/>
    <property name="sun.os.patch.level" value=""/>
    <property name="native.encoding" value="Cp1252"/>
    <property name="java.library.path" value="C:\Program Files\Java\jdk-18\bin;C:\WINDOWS\Sun\Java\bin;C:\WINDOWS\system32;C:\WINDOWS;C:\Program Files\Common Files\Oracle\Java\javapath;C:\Python310\Scripts\;C:\Python310\;C:\Users\yiwei\AppData\Local\Programs\Python\Python39;C:\Users\yiwei\AppData\Local\Programs\Python\Python39\Scripts;C:\Windows\system32;C:\Windows;C:\Windows\System32\Wbem;C:\Windows\System32\WindowsPowerShell\v1.0\;C:\Windows\System32\OpenSSH\;C:\Program Files (x86)\NVIDIA Corporation\PhysX\Common;C:\Program Files\NVIDIA Corporation\NVIDIA NGX;C:\Program Files\NVIDIA Corporation\NVIDIA NvDLISR;C:\WINDOWS\system32;C:\WINDOWS;C:\WINDOWS\System32\Wbem;C:\WINDOWS\System32\WindowsPowerShell\v1.0\;C:\WINDOWS\System32\OpenSSH\;C:\Program Files (x86)\HP\Common\HPDestPlgIn\;C:\Program Files (x86)\HP\IdrsOCR_15.2.10.1114\;C:\Program Files\Git\cmd;C:\Program Files\dotnet\;C:\Program Files\Microsoft SQL Server\130\Tools\Binn\;C:\Program Files\Microsoft SQL Server\Client SDK\ODBC\170\Tools\Binn\;C:\Program Files\PuTTY\;C:\Program Files\OpenSSL-Win64\bin;C:\Program Files\nodejs\;C:\ProgramData\chocolatey\bin;C:\Program Files (x86)\WinMerge;C:\Program Files\Java\jdk-18\bin;C:\Program Files\apache-maven-3.8.5-bin\apache-maven-3.8.5\bin;C:\Program Files\PostgreSQL\14\bin;C:\Program Files\Java\jdk-17.0.3.1\bin;C:\Users\yiwei\.amplify\bin;C:\Users\yiwei\.amplify\bin;C:\Users\yiwei\AppData\Local\Programs\Python\Python37\Scripts\;C:\Users\yiwei\AppData\Local\Programs\Python\Python37\;C:\Users\yiwei\AppData\Local\Programs\Python\Python39\Scripts\;C:\Users\yiwei\AppData\Local\Programs\Python\Python39\;C:\Users\yiwei\AppData\Local\Programs\Python\Python310\Scripts\;C:\Users\yiwei\AppData\Local\Programs\Python\Python310\;C:\Users\yiwei\AppData\Local\Microsoft\WindowsApps;C:\Users\yiwei\AppData\Local\atom\bin;C:\Users\yiwei\AppData\Local\Microsoft\WindowsApps;C:\Program Files (x86)\HP\Common\HPDestPlgIn\;C:\Exercism;C:\Users\yiwei\AppData\Local\Programs\Microsoft VS Code\bin;C:\Users\yiwei\.dotnet\tools;C:\Users\yiwei\AppData\Local\GitHubDesktop\bin;C:\Users\yiwei\AppData\Roaming\npm;C:\Program Files\JetBrains\IntelliJ IDEA Community Edition 2021.3.3\bin;;C:\Program Files\JetBrains\IntelliJ IDEA 2021.3.3\bin;;."/>
    <property name="java.vm.info" value="mixed mode, sharing"/>
    <property name="java.vendor" value="Oracle Corporation"/>
    <property name="java.vm.version" value="18+36-2087"/>
    <property name="sun.io.unicode.encoding" value="UnicodeLittle"/>
    <property name="java.class.version" value="62.0"/>
  </properties>
  <testcase name="addUser" classname="edu.uwb.css533.service.resources.UserResourcesTest" time="0.428"/>
  <testcase name="resetPassword" classname="edu.uwb.css533.service.resources.UserResourcesTest" time="0.101"/>
  <testcase name="logIn" classname="edu.uwb.css533.service.resources.UserResourcesTest" time="0.094"/>
  <testcase name="dbCheck" classname="edu.uwb.css533.service.resources.UserResourcesTest" time="0.08"/>
</testsuite>